<?xml version="1.0" encoding="UTF-8"?>
<!-- Generated by org.testng.reporters.JUnitXMLReporter -->
<testsuite ignored="8" hostname="DESKTOP-SCL1HOL" failures="0" tests="3" name="Cars" time="0.039" errors="0" timestamp="2020-07-22T20:40:32 IST">
  <testcase classname="automobiles.Skoda" name="Octavia" time="0.005"/>
  <testcase classname="automobiles.Toyota" name="Corolla" time="0.001"/>
  <testcase classname="automobiles.VW" name="Passat" time="0.001"/>
  <testcase classname="automobiles.VW" name="Polo" time="0.0">
    <ignored/>
  </testcase> <!-- Polo -->
  <testcase classname="automobiles.Toyota" name="InnovaCrysta" time="0.0">
    <ignored/>
  </testcase> <!-- InnovaCrysta -->
  <testcase classname="automobiles.Toyota" name="Fortuner" time="0.0">
    <ignored/>
  </testcase> <!-- Fortuner -->
  <testcase classname="automobiles.TATA" name="Aria" time="0.0">
    <ignored/>
  </testcase> <!-- Aria -->
  <testcase classname="automobiles.Skoda" name="Laura" time="0.0">
    <ignored/>
  </testcase> <!-- Laura -->
  <testcase classname="automobiles.TATA" name="Hexa" time="0.0">
    <ignored/>
  </testcase> <!-- Hexa -->
  <testcase classname="automobiles.Toyota" name="Qualis" time="0.0">
    <ignored/>
  </testcase> <!-- Qualis -->
  <testcase classname="automobiles.TATA" name="SafariStorme" time="0.0">
    <ignored/>
  </testcase> <!-- SafariStorme -->
</testsuite> <!-- Cars -->
