<?xml version="1.0" encoding="UTF-8"?>
<!-- Generated by org.testng.reporters.JUnitXMLReporter -->
<testsuite ignored="1" hostname="DESKTOP-SCL1HOL" failures="0" tests="6" name="EconomyCars" time="0.057" errors="0" timestamp="2020-07-23T14:47:55 IST">
  <testcase classname="automobiles.Toyota" name="Corolla" time="0.005"/>
  <testcase classname="automobiles.Toyota" name="Fortuner" time="0.002"/>
  <testcase classname="automobiles.Toyota" name="InnovaCrysta" time="0.002"/>
  <testcase classname="automobiles.TATA" name="Aria" time="0.001"/>
  <testcase classname="automobiles.TATA" name="Hexa" time="0.003"/>
  <testcase classname="automobiles.TATA" name="SafariStorme" time="0.002"/>
  <testcase classname="automobiles.Toyota" name="Qualis" time="0.0">
    <ignored/>
  </testcase> <!-- Qualis -->
</testsuite> <!-- EconomyCars -->
