<?xml version="1.0" encoding="UTF-8"?>
<!-- Generated by org.testng.reporters.JUnitXMLReporter -->
<testsuite ignored="1" hostname="DESKTOP-SCL1HOL" failures="0" tests="5" name="VWCars" time="0.062" errors="0" timestamp="2020-07-23T14:47:55 IST">
  <testcase classname="automobiles.Skoda" name="Laura" time="0.006"/>
  <testcase classname="automobiles.VW" name="Passat" time="0.002"/>
  <testcase classname="automobiles.VW" name="Polo" time="0.001"/>
  <testcase classname="automobiles.VW" name="Polo" time="0.002"/>
  <testcase classname="automobiles.VW" name="Polo" time="0.001"/>
  <testcase classname="automobiles.Skoda" name="Octavia" time="0.0">
    <ignored/>
  </testcase> <!-- Octavia -->
</testsuite> <!-- VWCars -->
