<?xml version="1.0" encoding="UTF-8"?>
<!-- Generated by org.testng.reporters.JUnitXMLReporter -->
<testsuite ignored="3" hostname="DESKTOP-SCL1HOL" failures="0" tests="9" name="Test" time="0.047" errors="0" timestamp="2020-07-22T12:44:32 IST">
  <testcase classname="automobiles.Toyota" name="Fortuner" time="0.006"/>
  <testcase classname="automobiles.Toyota" name="InnovaCrysta" time="0.001"/>
  <testcase classname="automobiles.Skoda" name="Octavia" time="0.001"/>
  <testcase classname="automobiles.VW" name="Passat" time="0.001"/>
  <testcase classname="automobiles.VW" name="Polo" time="0.0"/>
  <testcase classname="automobiles.VW" name="Vento" time="0.0"/>
  <testcase classname="automobiles.TATA" name="Aria" time="0.001"/>
  <testcase classname="automobiles.TATA" name="Hexa" time="0.0"/>
  <testcase classname="automobiles.TATA" name="SafariStorme" time="0.001"/>
  <testcase classname="automobiles.Skoda" name="Laura" time="0.0">
    <ignored/>
  </testcase> <!-- Laura -->
  <testcase classname="automobiles.Skoda" name="Kodiaq" time="0.0">
    <ignored/>
  </testcase> <!-- Kodiaq -->
  <testcase classname="automobiles.Toyota" name="Qualis" time="0.0">
    <ignored/>
  </testcase> <!-- Qualis -->
</testsuite> <!-- Test -->
